<?xml version="1.0" encoding="UTF-8"?>
<!-- Generated by org.testng.reporters.JUnitReportReporter -->
<testsuite hostname="LAPTOP-S2714P4R" failures="0" tests="1" name="com.learnautomation.testcases.VTigerLoginTest" time="4.487" errors="0" timestamp="2024-03-08T11:21:19 GST" skipped="0">
  <testcase classname="com.learnautomation.testcases.VTigerLoginTest" name="Login" time="4.487"/>
  <system-out/>
</testsuite> <!-- com.learnautomation.testcases.VTigerLoginTest -->
