<?xml version="1.0" encoding="UTF-8"?>
<!-- Generated by org.testng.reporters.JUnitReportReporter -->
<testsuite hostname="LAPTOP-S2714P4R" failures="0" tests="1" name="com.learnautomation.testcases.Scenario1Test" time="41.001" errors="0" timestamp="2024-03-01T14:00:51 GST" skipped="0">
  <testcase classname="com.learnautomation.testcases.Scenario1Test" name="ContactProgram" time="41.001"/>
  <system-out/>
</testsuite> <!-- com.learnautomation.testcases.Scenario1Test -->
